Tacuary|Olimpia	278883242154232_287189251323631	[0 - 2]
Karpaty Lviv|Dynamo Kyiv	278883242154232_286363034739586	[0 - 1]
Stranraer|East Stirling	278883242154232_286355034740386	[5 - 0]
Lech Poznan|Zaglebie Lubin	278883242154232_287693534606536	[3 - 2]
Yeovil|Notts County	278883242154232_286389734736916	[1 - 0]
Nancy|Ajaccio	278883242154232_286465384729351	[1 - 2]
ES Setif|MC Saida	278883242154232_286454034730486	[3 - 1]
Bnei Yehuda Tel Aviv|Beitar Jerusalem	278883242154232_287123507996872	[2 - 0]
Union Berlin|FSV Frankfurt	278883242154232_286308204745069	[3 - 0]
Kryvbas Krivyi Rig|Shakhtar Donetsk	278883242154232_287010824674807	[0 - 1]
Bradford C.|Plymouth Argyle	278883242154232_286377141404842	[0 - 1]
St. Johnstone|Motherwell	278883242154232_286354384740451	[0 - 2]
Lamadrid|Comunicaciones	278883242154232_287828581259698	[0 - 2]
Sunderland|Blackburn R.	278883242154232_286967864679103	[0 - 1]
Sivasspor|Manisaspor	278883242154232_287644937944729	[2 - 2]
Akhisar Belediye Genclik Ve Spor|Denizlispor	278883242154232_286276864748203	[3 - 1]
Eupen|Sint-Niklaas	278883242154232_286455661396990	[2 - 1]
AS Roma|Juventus	278883242154232_287801787929044	[1 - 1]
Hertha BSC|Schalke	278883242154232_285923614783528	[1 - 2]
Burghausen|Carl Zeiss Jena	278883242154232_286295721412984	[4 - 2]
Anagennisi Giannitsa|Veria FC	278883242154232_286946654681224	[0 - 1]
Police United FC|Bangkok Glass	278883242154232_286894964686393	[2 - 0]
Zamora FC|Real Esppor	278883242154232_287187051323851	[4 - 0]
RB Salzburg|Admira Wacker	278883242154232_287000211342535	[2 - 1]
Auxerre|Nice	278883242154232_287087624667127	[2 - 1]
Dagenham &amp; R'bridge|Port Vale	278883242154232_286353051407251	[1 - 2]
Paderborn|Hansa Rostock	278883242154232_285851841457372	[2 - 0]
Atlanta|Ferro Carril Oeste	278883242154232_287804394595450	[2 - 0]
Juan Aurich|Alianza Lima	278883242154232_285413024834587	[1 - 2]
Once Caldas|America de Cali	278883242154232_285475521495004	[1 - 0]
Celtic|Hearts	278883242154232_286384718070751	[1 - 0]
Cerro Porteno|General Caballero	278883242154232_287180011324555	[3 - 0]
Udinese|Chievo	278883242154232_287008121341744	[2 - 0]
Besiktas|Istanbul Buyuksehir	278883242154232_287013901341166	[1 - 1]
Brentford|Hartlepool U.	278883242154232_286387584737131	[1 - 1]
Sportul Studentesc|Petrolul Ploiesti	278883242154232_286922391350317	[0 - 1]
Monagas SC|Estudiantes Merida	278883242154232_287223277986895	[1 - 2]
Annan Athletic|Montrose	278883242154232_286357248073498	[2 - 0]
Stuttgart|Bayern Munich	278883242154232_287071138002109	[1 - 2]
Lorient|Lyon	278883242154232_287207261321830	[0 - 1]
RW Erfurt|Babelsberg	278883242154232_286307858078437	[1 - 1]
Atletico|Penafiel	278883242154232_287012931341263	[1 - 1]
Saipa|Shahin	278883242154232_285722384803651	[3 - 0]
Walsall|Charlton Athletic	278883242154232_286358571406699	[1 - 0]
Steaua Bucuresti|CFR Cluj	278883242154232_286433818065841	[1 - 1]
Deportivo Lara|Mineros De Guayana	278883242154232_287232647985958	[5 - 0]
Once Caldas|Santa Fe	278883242154232_287210831321473	[1 - 1]
Cobreloa|U.La Calera	278883242154232_287147404661149	[4 - 3]
FK Metalac|Partizan Belgrade	278883242154232_286290204746869	[0 - 3]
Oldham Athletic|Sheffield W.	278883242154232_286376484738241	[0 - 2]
OB Odense|Malmo FF	278883242154232_285163164859573	[0 - 2]
AGOVV Apeldorn|FC Dordrecht	278883242154232_285904888118734	[2 - 3]
Maccabi Umm al-Fahm|Hapoel Jerusalem	278883242154232_286322194743670	[2 - 1]
River Plate|Patronato de Parana	278883242154232_287327307976492	[1 - 0]
Aragua FC|Trujillanos FC	278883242154232_287206287988594	[2 - 0]
El Vigia|Yaracuyanos FC	278883242154232_287161931326363	[1 - 0]
Antalyaspor|Ankaragucu	278883242154232_286933578015865	[1 - 0]
SC Bruhl|Wohlen	278883242154232_286373018071921	[2 - 1]
Nimes|Beauvais	278883242154232_285905588118664	[1 - 1]
Bangor City|Bala Town	278883242154232_285918274784062	[2 - 1]
Alumni de Villa Maria|CD Libertad	278883242154232_287290277980195	[1 - 0]
Zarzis|Etoile du Sahel	278883242154232_286962228013000	[1 - 3]
Oostende|WS Woluwe	278883242154232_286988248010398	[3 - 0]
Elazigspor|Tavsanli Linyitspor	278883242154232_286975001345056	[3 - 0]
Sriracha|Buriram PEA	278883242154232_286273168081906	[0 - 1]
Universitario|San Jose	278883242154232_287291897980033	[2 - 0]
LD Alajuelense|Club Sport Herediano	278883242154232_287314257977797	[1 - 1]
Espanyol|Atletico Madrid	278883242154232_287188157990407	[4 - 2]
AZ Alkmaar|De Graafschap	278883242154232_286456611396895	[4 - 0]
KV Mechelen|Anderlecht	278883242154232_285923964783493	[2 - 1]
Swansea C.|Fulham	278883242154232_286373028071920	[1 - 0]
Omonia Nicosia|APOEL Nicosia	278883242154232_286949668014256	[1 - 2]
Nacional|Guarani	278883242154232_286495768059646	[4 - 1]
Volyn Lutsk|Illitchivets Mariupol	278883242154232_286976114678278	[0 - 1]
Moreirense|Belenenses	278883242154232_286271504748739	[2 - 1]
Aris L.|Nea Salamis	278883242154232_286998364676053	[2 - 3]
Nueva Chicago|Deportivo Moron	278883242154232_285363714839518	[1 - 0]
Deportivo Petare|Carabobo FC	278883242154232_287227574653132	[2 - 0]
Alemannia Aachen|Erzgebirge Aue	278883242154232_286962381346318	[1 - 0]
Atalanta|Catania	278883242154232_286979138011309	[0 - 1]
Wycombe W.|Chesterfield	278883242154232_286374988071724	[3 - 2]
Ruch Chorzow|Korona Kielce	278883242154232_286292054746684	[3 - 1]
Panionios|Panathinaikos	278883242154232_287004498008773	[1 - 2]
Santos|Tigres	278883242154232_285540271488529	[0 - 1]
JS Kairouanaise|ES Beni-Khalled	278883242154232_286967444679145	[1 - 0]
Oud-Heverlee|Zulte-Waregem	278883242154232_286483558060867	[1 - 1]
Wisla Krakow|Polonia Warsaw	278883242154232_285970648112158	[0 - 1]
Tucanes FC|Anzoategui	278883242154232_287228397986383	[0 - 1]
Bochum|Fortuna Dusseldorf	278883242154232_286306358078587	[1 - 1]
Afan Lido|Newtown	278883242154232_286335618075661	[3 - 2]
Atl. Rafaela|Godoy Cruz Mza.	278883242154232_287910727918150	[0 - 1]
Leicester C.|Peterborough U.	278883242154232_286374668071756	[1 - 0]
Diagoras Rodos|Vyzas	278883242154232_287717311270825	[0 - 1]
Genclerbirligi|Orduspor	278883242154232_286921544683735	[2 - 1]
Sumqayit|FC Kapaz	278883242154232_286851711357385	[1 - 1]
Sandhausen|Kickers Offenbach	278883242154232_286318118077411	[1 - 1]
Simurq|Turan Tovuz	278883242154232_286305648078658	[2 - 0]
Go Ahead Eagles|Almere City FC	278883242154232_285905034785386	[2 - 2]
Argentinos Juniors|Olimpo	278883242154232_287212617987961	[1 - 0]
Top Oss|Telstar Ijmuiden	278883242154232_285909988118224	[3 - 1]
JSM Bejaia|USM Alger	278883242154232_286361821406374	[2 - 0]
Ironi Bat Yam|Maccabi Ahi Nazrat	278883242154232_285775161465040	[1 - 3]
LKS Lodz|Slask Wroclaw	278883242154232_286997161342840	[1 - 1]
Universitatea Cluj|FC Vaslui	278883242154232_286419154733974	[0 - 1]
Otelul Galati|Rapid Bucuresti	278883242154232_287065288002694	[2 - 0]
FCV Dender EH|Eendracht Aalst	278883242154232_286460684729821	[1 - 2]
Club Xelaju|CSD Comunicaciones	278883242154232_286676478041575	[1 - 0]
Pandurii|Concordia Chiajna	278883242154232_287714571271099	[5 - 1]
Stade Tunisien|Avenir de La Marsa	278883242154232_286992404676649	[0 - 1]
Club Atletico Platense|Almagro	278883242154232_287918144584075	[0 - 1]
FC Heidenheim|Unterhaching	278883242154232_286332224742667	[3 - 1]
FC Twente Enschede|NEC Nijmegen	278883242154232_286453854730504	[1 - 0]
Lugano|Vaduz	278883242154232_286976604678229	[1 - 0]
RCA Casablanca|OCK Khouribga	278883242154232_287008131341743	[2 - 1]
Maritimo|Benfica	278883242154232_287233154652574	[0 - 1]
Boluspor|Karsiyaka	278883242154232_286902698018953	[1 - 0]
Mattersburg|Kapfenberg	278883242154232_286424278066795	[2 - 0]
Rayo Vallecano|Sporting Gijon	278883242154232_286894538019769	[1 - 3]
Moghavemat Sepasi|Shahrdari	278883242154232_285725354803354	[2 - 1]
Lokeren|Standard Liege	278883242154232_286437314732158	[1 - 0]
Sartid Smederevo|Hajduk Kula	278883242154232_286302961412260	[3 - 0]
Sheffield U.|Rochdale	278883242154232_286382544737635	[2 - 0]
AEK Athens|Pas Giannina	278883242154232_286418811400675	[2 - 1]
CSD Municipal|CD Suchitepequez	278883242154232_285534378155785	[3 - 1]
Wil|Biel-Bienne	278883242154232_286977341344822	[0 - 1]
Widzew Lodz|Gornik Zabrze	278883242154232_286337028075520	[1 - 0]
Tranmere R.|Milton Keynes Dons	278883242154232_286375914738298	[0 - 2]
Inverness C.T.|Dundee United	278883242154232_286373058071917	[2 - 3]
FC Dundee|Queen of the South	278883242154232_286374141405142	[2 - 1]
Manisaspor|Besiktas	278883242154232_285319524843937	[1 - 3]
Getafe|Granada	278883242154232_287067968002426	[1 - 0]
Tigre|Velez Sarsfield	278883242154232_285515984824291	[1 - 3]
Maccabi Herzeliya|Maccabi Beer Sheva	278883242154232_287623984613491	[2 - 0]
Arsenal Kyiv|Vorskla Poltava	278883242154232_286413904734499	[1 - 0]
Saarbrucken|Oberhausen	278883242154232_286319414743948	[3 - 2]
Millonarios|Atletico Junior	278883242154232_287288291313727	[3 - 0]
Kortrijk|Westerlo	278883242154232_286491818060041	[2 - 0]
Villarreal|Real Sociedad	278883242154232_287060518003171	[1 - 1]
Tubize|Charleroi	278883242154232_286468418062381	[2 - 1]
Erciyesspor|Kasimpasa	278883242154232_286949678014255	[2 - 2]
Santa Clara|U. Madeira	278883242154232_286901551352401	[0 - 1]
Roeselare|FC Brussels	278883242154232_286481488061074	[3 - 2]
Deportivo Santamarina|Gimnasia y Esgrima de Concepción	278883242154232_287274181315138	[0 - 1]
Dynamo Dresden|Energie Cottbus	278883242154232_286962868012936	[1 - 1]
Norwich C.|Newcastle U.	278883242154232_286374688071754	[3 - 1]
FC Eindhoven|FC Den Bosch	278883242154232_285905051452051	[2 - 2]
FK Vardar|FK Bregalnica Stip	278883242154232_286954408013782	[3 - 0]
Portimonense|Aves	278883242154232_287051894670700	[1 - 1]
Crawley|Burton	278883242154232_286353061407250	[3 - 0]
Real Madrid|Barcelona	278883242154232_286519298057293	[1 - 1]
Tachira|Caracas	278883242154232_287226554653234	[2 - 1]
Stenhousemuir|Airdrie	278883242154232_286382408070982	[1 - 1]
Manchester U.|Wolverhampton W.	278883242154232_286353071407249	[4 - 1]
Arsenal|Everton	278883242154232_286382551404301	[1 - 0]
Aldershot T.|Shrewsbury T.	278883242154232_286379334737956	[1 - 0]
Malaga|Osasuna	278883242154232_287095141333042	[1 - 1]
Alianza Lima|Juan Aurich	278883242154232_287241447985078	[1 - 0]
Obolon Kyiv|Tavriya Symferopol	278883242154232_285859211456635	[1 - 3]
El Geish|El Gounah	278883242154232_287605307948692	[1 - 1]
Toulouse|Evian Thonon Gaillar	278883242154232_286436921398864	[2 - 1]
CD Olimpia|Real Espana	278883242154232_287281821314374	[1 - 0]
Athletic Bilbao|Racing Santander	278883242154232_287187421323814	[1 - 1]
Gimnasia y Tiro|Sportivo Belgrano	278883242154232_287283504647539	[1 - 3]
Maccabi Haifa|Hapoel Haifa	278883242154232_286452868063936	[1 - 3]
Arminia Bielefeld|Osnabruck	278883242154232_286318978077325	[0 - 1]
The Strongest|Oriente Petrolero	278883242154232_287806037928619	[5 - 3]
VVV Venlo|Roda Kerkrade	278883242154232_286948588014364	[2 - 0]
Beira Mar|FC Porto	278883242154232_286455668063656	[1 - 0]
Verona|Albinoleffe	278883242154232_286358598073363	[1 - 0]
Excelsior Rotterdam|SC Heerenveen	278883242154232_286465231396033	[0 - 5]
Barcelona B|Almeria	278883242154232_285950304780859	[3 - 3]
Derby County|Bristol C.	278883242154232_286374148071808	[1 - 1]
Aberystwyth|TNS	278883242154232_286398984735991	[1 - 0]
Sektzia Nes Tziona|Hapoel Ramat Gan	278883242154232_285748564801033	[2 - 5]
Colon|Banfield	278883242154232_287783881264168	[4 - 1]
Güngören|Sakaryaspor	278883242154232_286268218082401	[2 - 3]
1. FC Cologne|Freiburg	278883242154232_286335648075658	[1 - 0]
Northampton T.|Crewe Alexandra	278883242154232_286375634738326	[1 - 1]
Cittadella|Reggina	278883242154232_286318998077323	[1 - 2]
Agrotikos|Kallithea	278883242154232_286955294680360	[1 - 0]
Damash|Naft Tehran	278883242154232_285721014803788	[1 - 3]
Melbourne Victory|Adelaide United	278883242154232_286234231419133	[1 - 0]
Airbus UK|Carmarthen	278883242154232_286332251409331	[3 - 1]
Aarau|Kriens	278883242154232_286968714679018	[3 - 1]
Deportivo La Coruna|Numancia	278883242154232_286434654732424	[3 - 1]
Sassuolo|Livorno	278883242154232_286347874741102	[1 - 1]
Preussen Munster|Chemnitzer FC	278883242154232_286979144677975	[2 - 2]
Dnipro D'petrovsk|Chernomorets Odessa	278883242154232_286365461406010	[1 - 0]
Neuchatel Xamax|Basel	278883242154232_287070738002149	[0 - 1]
Samut Songkram|TTM Phichit	278883242154232_286260951416461	[2 - 3]
Guillermo Brown|Independiente Rivadavia	278883242154232_287178274658062	[2 - 0]
FAR Rabat|WAC Casablanca	278883242154232_287155681326988	[1 - 2]
Racing de Cordoba|Tiro Federal	278883242154232_287305851311971	[2 - 0]
Tigres|Santos	278883242154232_287318391310717	[1 - 1]
Aberdeen|St. Mirren	278883242154232_286347898074433	[2 - 1]
AFC Wimbledon|Accrington	278883242154232_286353091407247	[0 - 2]
Kerkyra|Olympiakos Piraeus	278883242154232_287098164666073	[0 - 4]
CODM Meknes|KAC Kenitra	278883242154232_285948988114324	[1 - 0]
Gaz Metan Medias|Ceahlaul Piatra-Neamt	278883242154232_287578427951380	[3 - 1]
FK Neftchi|AZAL PFC Baku	278883242154232_286848984690991	[5 - 0]
Chacarita Juniors|Rosario Central	278883242154232_286024784773411	[1 - 1]
Lanus|Newell's Old Boys	278883242154232_287846381257918	[2 - 2]
Duisburg|Karlsruhe	278883242154232_285845851457971	[3 - 1]
Darmstadt|VfR Aalen	278883242154232_286945441348012	[0 - 1]
Rubio Nu|Sol de America	278883242154232_286540378055185	[2 - 0]
Regensburg|Werder Bremen (Am)	278883242154232_286310631411493	[3 - 1]
Associacao Naval|Estoril	278883242154232_286374701405086	[0 - 3]
Atletico Junior|Chico FC	278883242154232_285369888172234	[2 - 2]
Kayserispor|Karabukspor	278883242154232_287658977943325	[2 - 0]
Hereford U.|Rotherham U.	278883242154232_286353118073911	[0 - 2]
Asteras Tripolis|Aris Saloniki	278883242154232_286957378013485	[1 - 0]
Cheltenham|Southend U.	278883242154232_286353138073909	[1 - 0]
Braga|Pacos Ferreira	278883242154232_285939481448608	[5 - 2]
Lausanne Sports|Grasshoppers	278883242154232_286998598009363	[2 - 1]
Defensa y Justicia|Aldosivi	278883242154232_287235301319026	[0 - 2]
CS Mioveni|Vointa Sibiu	278883242154232_286982598010963	[1 - 2]
Leyton Orient|Exeter C.	278883242154232_286385214737368	[2 - 0]
Nottingham F.|Crystal Palace	278883242154232_286376811404875	[0 - 1]
Guadalajara|Real Murcia	278883242154232_287084228000800	[2 - 0]
Huddersfield T.|Bournemouth	278883242154232_286349054740984	[0 - 1]
Fokikos|Panthrakikos Komotini	278883242154232_286967571345799	[0 - 1]
Sepahan|Zob Ahan	278883242154232_285725371470019	[1 - 1]
Brown de Adrogue|Flandria	278883242154232_287829244592965	[3 - 0]
Ermis Aradippou|Ol Nicosia	278883242154232_287099747999248	[1 - 3]
Bologna|AC Milan	278883242154232_287006021341954	[2 - 2]
San Telmo|Deportivo Armenio	278883242154232_285368858172337	[1 - 1]
Cambuur Leeuwarden|Veendam	278883242154232_285905214785368	[5 - 1]
Instituto|Dep. Merlo	278883242154232_287276607981562	[1 - 1]
Barracas Central|San Telmo	278883242154232_287761441266412	[2 - 1]
San Lorenzo|Independiente	278883242154232_285537694822120	[0 - 1]
Lucerne|Servette	278883242154232_287068948002328	[1 - 2]
Bristol R.|Swindon T.	278883242154232_286391261403430	[1 - 1]
Lille|Dijon	278883242154232_287053251337231	[1 - 0]
Greenock Morton|Partick Thistle	278883242154232_286373074738582	[1 - 1]
Watford|Leeds U.	278883242154232_286394011403155	[1 - 1]
Maccabi Tel Aviv|Maccabi Netanya	278883242154232_286446194731270	[1 - 1]
Independiente CG|3 de Febrero	278883242154232_287235521319004	[1 - 0]
Llanelli|Prestatyn Town FC	278883242154232_286987244677165	[3 - 1]
Raith Rovers|Livingston	278883242154232_286395078069715	[0 - 1]
Fk Metalurg Skopje|Ohrid	278883242154232_286302974745592	[3 - 0]
Maccabi Petah Tikva|Hapoel Acco	278883242154232_286398378069385	[0 - 4]
Munich 1860|Braunschweig	278883242154232_285857691456787	[3 - 0]
MC Alger|WA Tlemcen	278883242154232_286409838068239	[3 - 1]
Olhanense|Academica Coimbra	278883242154232_287813907927832	[0 - 2]
Alcoyano|Girona	278883242154232_286427131399843	[2 - 0]
FC Volendam|Helmond Sport	278883242154232_285904861452070	[3 - 1]
Podbeskidzie|Belchatow	278883242154232_285877194788170	[1 - 0]
Chiangrai United|Osotspa M-150	278883242154232_286938768015346	[2 - 1]
Boca Unidos|Almirante Brown	278883242154232_286651974710692	[0 - 1]
Bursaspor|Fenerbahce	278883242154232_287716811270875	[0 - 2]
Vitoria Setubal|Feirense	278883242154232_287021218007101	[1 - 1]
Club Atlético Estudiantes|Acassuso	278883242154232_287831684592721	[1 - 2]
Anagennisi Deryneia|AEK Larnaca	278883242154232_286385234737366	[0 - 2]
Fortuna Sittard|Willem II Tilburg	278883242154232_285932211449335	[3 - 1]
Reading|West Ham U.	278883242154232_286378981404658	[1 - 0]
Giresunspor|Rizespor	278883242154232_286902548018968	[0 - 1]
Uniao Leiria|Vitoria Guimaraes	278883242154232_287134741329082	[1 - 0]
Novara|Napoli	278883242154232_287207274655162	[1 - 0]
Central Cordoba|Juventud Antoniana	278883242154232_287277891314767	[2 - 2]
Borussia Dortmund|Kaiserslautern	278883242154232_287014854674404	[1 - 1]
Siena|Genoa	278883242154232_286431274732762	[0 - 1]
Albion Rovers|Dumbarton	278883242154232_286353151407241	[3 - 1]
Sochaux|Paris S.G.	278883242154232_286434844732405	[0 - 1]
Colo Colo|La Serena	278883242154232_286528208056402	[3 - 1]
Xanthi Skoda|Levadiakos	278883242154232_286391101403446	[1 - 1]
Valenciennes|Montpellier	278883242154232_286454438063779	[1 - 0]
Brisbane Roar FC|Melbourne Heart	278883242154232_285678248141398	[1 - 2]
Banfield|Belgrano	278883242154232_285419648167258	[0 - 2]
Deportivo Armenio|Sportivo Italiano	278883242154232_287767124599177	[1 - 4]
Lecce|Lazio	278883242154232_286403154735574	[2 - 3]
Brescia|Bari	278883242154232_286926221349934	[1 - 2]
Werder Bremen|Wolfsburg	278883242154232_286335271409029	[1 - 0]
PAOK Saloniki|Atromitos	278883242154232_286399591402597	[3 - 1]
Sturm Graz|Austria Vienna	278883242154232_286425354733354	[5 - 1]
Tienen|RBD Borinage	278883242154232_286964478012775	[1 - 3]
Sarmiento|Nueva Chicago	278883242154232_287901411252415	[1 - 1]
Den Haag|Heracles Almelo	278883242154232_285902641452292	[2 - 0]
Rio Ave|Gil Vicente	278883242154232_287056161336940	[1 - 0]
Bolton W.|Aston Villa	278883242154232_286358618073361	[1 - 2]
Mons-Bergen|Cercle Bruges	278883242154232_286466484729241	[0 - 1]
Dinamo Bucuresti|Petrolul Ploiesti	278883242154232_285313351511221	[2 - 1]
FK Turnovo|Renova	278883242154232_286279131414643	[0 - 1]
Itagui|Santa Fe	278883242154232_285382754837614	[0 - 1]
11 Oktomvri|Napredok	278883242154232_286305194745370	[2 - 0]
ES Hamam Sousse|CA Bizertin	278883242154232_286950251347531	[1 - 3]
Sampdoria|Juve Stabia	278883242154232_285955891446967	[1 - 1]
Teteks|Rabotnicki	278883242154232_286279231414633	[1 - 0]
Royal Thai Army|Siam Navy FC	278883242154232_286902554685634	[1 - 0]
Alki|Enosis Paralimni	278883242154232_287677007941522	[1 - 0]
Trabzonspor|Galatasaray	278883242154232_287080134667876	[0 - 1]
Leixoes|Trofense	278883242154232_287067814669108	[3 - 3]
West Bromwich A.|Wigan Athletic	278883242154232_286374491405107	[1 - 2]
Barnsley|Ipswich T.	278883242154232_286437728065450	[2 - 5]
Foolad Khuzestan|Malavan	278883242154232_285748454801044	[1 - 0]
Recreativo Huelva|Huesca	278883242154232_286441428065080	[1 - 1]
CS Hammam-Lif|Gafsa	278883242154232_286981178011105	[3 - 1]
Alloa Athletic|Queen's Park	278883242154232_286342498074973	[1 - 0]
Acassuso|Brown de Adrogue	278883242154232_285362938172929	[1 - 0]
Huracan Tres Arroyos|Racing Olavarría	278883242154232_287318854644004	[0 - 1]
Chelsea|Manchester C.	278883242154232_287761447933078	[2 - 1]
Villarreal B|Xerez	278883242154232_286417571400799	[3 - 1]
Millonarios|Envigado	278883242154232_285432691499287	[2 - 0]
Def. Belgrano Villa Ramalho|Club Cipolletti	278883242154232_287315554644334	[4 - 1]
Ried|Wiener Neustadt	278883242154232_286423121400244	[2 - 0]
Wehen|VfB Stuttgart (Am)	278883242154232_286322338076989	[1 - 1]
Torino|Pescara	278883242154232_286331781409378	[4 - 1]
Emmen|FC Zwolle	278883242154232_285911068118116	[1 - 2]
CS Vise|Lommel	278883242154232_286975424678347	[1 - 0]
Sp.Covilha|Freamunde	278883242154232_287072481335308	[2 - 1]
Orduspor|Sivasspor	278883242154232_285319818177241	[1 - 2]
Anagennisi Epanomi|Pierikos FC	278883242154232_286989188010304	[2 - 0]
Arouca|Oliveirense	278883242154232_287004021342154	[3 - 3]
Defensores de Belgrano|Temperley	278883242154232_287811434594746	[1 - 0]
Saint-Etienne|Caen	278883242154232_286466058062617	[2 - 0]
Stoke C.|Tottenham H.	278883242154232_287087848000438	[2 - 1]
Shkendija 79|FK Sileks	278883242154232_286966421345914	[2 - 1]
Deportivo Moron|Tristan Suarez	278883242154232_287279771314579	[3 - 1]
FK Olexandria|Metalist Kharkiv	278883242154232_286274991415057	[1 - 3]
Hapoel Kfar Saba|Bnei Lod	278883242154232_287685101274046	[1 - 2]
Khonkaen F.C|Muang Thong United	278883242154232_286290754746814	[1 - 2]
